
 /----------------------------------------------------------------------------\
 |                                                                            |
 |  yosys -- Yosys Open SYnthesis Suite                                       |
 |                                                                            |
 |  Copyright (C) 2012 - 2020  Claire Xenia Wolf <claire@yosyshq.com>         |
 |                                                                            |
 |  Permission to use, copy, modify, and/or distribute this software for any  |
 |  purpose with or without fee is hereby granted, provided that the above    |
 |  copyright notice and this permission notice appear in all copies.         |
 |                                                                            |
 |  THE SOFTWARE IS PROVIDED "AS IS" AND THE AUTHOR DISCLAIMS ALL WARRANTIES  |
 |  WITH REGARD TO THIS SOFTWARE INCLUDING ALL IMPLIED WARRANTIES OF          |
 |  MERCHANTABILITY AND FITNESS. IN NO EVENT SHALL THE AUTHOR BE LIABLE FOR   |
 |  ANY SPECIAL, DIRECT, INDIRECT, OR CONSEQUENTIAL DAMAGES OR ANY DAMAGES    |
 |  WHATSOEVER RESULTING FROM LOSS OF USE, DATA OR PROFITS, WHETHER IN AN     |
 |  ACTION OF CONTRACT, NEGLIGENCE OR OTHER TORTIOUS ACTION, ARISING OUT OF   |
 |  OR IN CONNECTION WITH THE USE OR PERFORMANCE OF THIS SOFTWARE.            |
 |                                                                            |
 \----------------------------------------------------------------------------/

 Yosys 0.33 (git sha1 2584903a060)


-- Executing script file `netlists/cmd_latency_ctrl_synth.ys' --

1. Executing Verilog-2005 frontend: rtl/cmd_latency_ctrl.sv
Parsing SystemVerilog input from `rtl/cmd_latency_ctrl.sv' to AST representation.
Generating RTLIL representation for module `\cmd_latency_ctrl'.
Successfully finished Verilog frontend.

2. Executing HIERARCHY pass (managing design hierarchy).

2.1. Analyzing design hierarchy..
Top module:  \cmd_latency_ctrl

2.2. Analyzing design hierarchy..
Top module:  \cmd_latency_ctrl
Removed 0 unused modules.

3. Executing PROC pass (convert processes to netlists).

3.1. Executing PROC_CLEAN pass (remove empty switches from decision trees).
Cleaned up 0 empty switches.

3.2. Executing PROC_RMDEAD pass (remove dead branches from decision trees).
Marked 2 switch rules as full_case in process $proc$rtl/cmd_latency_ctrl.sv:131$8 in module cmd_latency_ctrl.
Marked 1 switch rules as full_case in process $proc$rtl/cmd_latency_ctrl.sv:106$2 in module cmd_latency_ctrl.
Removed 1 dead cases from process $proc$rtl/cmd_latency_ctrl.sv:91$1 in module cmd_latency_ctrl.
Marked 1 switch rules as full_case in process $proc$rtl/cmd_latency_ctrl.sv:91$1 in module cmd_latency_ctrl.
Removed a total of 1 dead cases.

3.3. Executing PROC_PRUNE pass (remove redundant assignments in processes).
Removed 0 redundant assignments.
Promoted 1 assignment to connection.

3.4. Executing PROC_INIT pass (extract init attributes).

3.5. Executing PROC_ARST pass (detect async resets in processes).
Found async reset \rst_n in `\cmd_latency_ctrl.$proc$rtl/cmd_latency_ctrl.sv:131$8'.
Found async reset \rst_n in `\cmd_latency_ctrl.$proc$rtl/cmd_latency_ctrl.sv:106$2'.

3.6. Executing PROC_ROM pass (convert switches to ROMs).
Converted 1 switch.
<suppressed ~5 debug messages>

3.7. Executing PROC_MUX pass (convert decision trees to multiplexers).
Creating decoders for process `\cmd_latency_ctrl.$proc$rtl/cmd_latency_ctrl.sv:131$8'.
     1/4: $0\counting[0:0]
     2/4: $0\latency_counter[3:0]
     3/4: $0\cmd_buffer_valid[0:0]
     4/4: $0\cmd_buffer[7:0]
Creating decoders for process `\cmd_latency_ctrl.$proc$rtl/cmd_latency_ctrl.sv:106$2'.
     1/1: $0\stored_latency[3:0]
Creating decoders for process `\cmd_latency_ctrl.$proc$rtl/cmd_latency_ctrl.sv:91$1'.
     1/1: $1\calc_latency[3:0]

3.8. Executing PROC_DLATCH pass (convert process syncs to latches).
No latch inferred for signal `\cmd_latency_ctrl.\calc_latency' from process `\cmd_latency_ctrl.$proc$rtl/cmd_latency_ctrl.sv:91$1'.

3.9. Executing PROC_DFF pass (convert process syncs to FFs).
Creating register for signal `\cmd_latency_ctrl.\cmd_buffer' using process `\cmd_latency_ctrl.$proc$rtl/cmd_latency_ctrl.sv:131$8'.
  created $adff cell `$procdff$52' with positive edge clock and negative level reset.
Creating register for signal `\cmd_latency_ctrl.\cmd_buffer_valid' using process `\cmd_latency_ctrl.$proc$rtl/cmd_latency_ctrl.sv:131$8'.
  created $adff cell `$procdff$53' with positive edge clock and negative level reset.
Creating register for signal `\cmd_latency_ctrl.\latency_counter' using process `\cmd_latency_ctrl.$proc$rtl/cmd_latency_ctrl.sv:131$8'.
  created $adff cell `$procdff$54' with positive edge clock and negative level reset.
Creating register for signal `\cmd_latency_ctrl.\counting' using process `\cmd_latency_ctrl.$proc$rtl/cmd_latency_ctrl.sv:131$8'.
  created $adff cell `$procdff$55' with positive edge clock and negative level reset.
Creating register for signal `\cmd_latency_ctrl.\stored_latency' using process `\cmd_latency_ctrl.$proc$rtl/cmd_latency_ctrl.sv:106$2'.
  created $adff cell `$procdff$56' with positive edge clock and negative level reset.

3.10. Executing PROC_MEMWR pass (convert process memory writes to cells).

3.11. Executing PROC_CLEAN pass (remove empty switches from decision trees).
Found and cleaned up 4 empty switches in `\cmd_latency_ctrl.$proc$rtl/cmd_latency_ctrl.sv:131$8'.
Removing empty process `cmd_latency_ctrl.$proc$rtl/cmd_latency_ctrl.sv:131$8'.
Found and cleaned up 1 empty switch in `\cmd_latency_ctrl.$proc$rtl/cmd_latency_ctrl.sv:106$2'.
Removing empty process `cmd_latency_ctrl.$proc$rtl/cmd_latency_ctrl.sv:106$2'.
Found and cleaned up 1 empty switch in `\cmd_latency_ctrl.$proc$rtl/cmd_latency_ctrl.sv:91$1'.
Removing empty process `cmd_latency_ctrl.$proc$rtl/cmd_latency_ctrl.sv:91$1'.
Cleaned up 6 empty switches.

3.12. Executing OPT_EXPR pass (perform const folding).
Optimizing module cmd_latency_ctrl.

4. Executing OPT pass (performing simple optimizations).

4.1. Executing OPT_EXPR pass (perform const folding).
Optimizing module cmd_latency_ctrl.

4.2. Executing OPT_MERGE pass (detect identical cells).
Finding identical cells in module `\cmd_latency_ctrl'.
<suppressed ~9 debug messages>
Removed a total of 3 cells.

4.3. Executing OPT_MUXTREE pass (detect dead branches in mux trees).
Running muxtree optimizer on module \cmd_latency_ctrl..
  Creating internal representation of mux trees.
  Evaluating internal representation of mux trees.
  Analyzing evaluation results.
Removed 0 multiplexer ports.
<suppressed ~7 debug messages>

4.4. Executing OPT_REDUCE pass (consolidate $*mux and $reduce_* inputs).
  Optimizing cells in module \cmd_latency_ctrl.
Performed a total of 0 changes.

4.5. Executing OPT_MERGE pass (detect identical cells).
Finding identical cells in module `\cmd_latency_ctrl'.
Removed a total of 0 cells.

4.6. Executing OPT_DFF pass (perform DFF optimizations).
Adding EN signal on $procdff$56 ($adff) from module cmd_latency_ctrl (D = \calc_latency, Q = \stored_latency).
Adding EN signal on $procdff$52 ($adff) from module cmd_latency_ctrl (D = \cmd_in_data, Q = \cmd_buffer).
Adding EN signal on $procdff$53 ($adff) from module cmd_latency_ctrl (D = $procmux$45_Y, Q = \cmd_buffer_valid).

4.7. Executing OPT_CLEAN pass (remove unused cells and wires).
Finding unused cells or wires in module \cmd_latency_ctrl..
Removed 3 unused cells and 29 unused wires.
<suppressed ~5 debug messages>

4.8. Executing OPT_EXPR pass (perform const folding).
Optimizing module cmd_latency_ctrl.
<suppressed ~1 debug messages>

4.9. Rerunning OPT passes. (Maybe there is more to do..)

4.10. Executing OPT_MUXTREE pass (detect dead branches in mux trees).
Running muxtree optimizer on module \cmd_latency_ctrl..
  Creating internal representation of mux trees.
  Evaluating internal representation of mux trees.
  Analyzing evaluation results.
Removed 0 multiplexer ports.
<suppressed ~5 debug messages>

4.11. Executing OPT_REDUCE pass (consolidate $*mux and $reduce_* inputs).
  Optimizing cells in module \cmd_latency_ctrl.
Performed a total of 0 changes.

4.12. Executing OPT_MERGE pass (detect identical cells).
Finding identical cells in module `\cmd_latency_ctrl'.
Removed a total of 0 cells.

4.13. Executing OPT_DFF pass (perform DFF optimizations).

4.14. Executing OPT_CLEAN pass (remove unused cells and wires).
Finding unused cells or wires in module \cmd_latency_ctrl..

4.15. Executing OPT_EXPR pass (perform const folding).
Optimizing module cmd_latency_ctrl.

4.16. Finished OPT passes. (There is nothing left to do.)

5. Executing FSM pass (extract and optimize FSM).

5.1. Executing FSM_DETECT pass (finding FSMs in design).

5.2. Executing FSM_EXTRACT pass (extracting FSM from design).

5.3. Executing FSM_OPT pass (simple optimizations of FSMs).

5.4. Executing OPT_CLEAN pass (remove unused cells and wires).
Finding unused cells or wires in module \cmd_latency_ctrl..

5.5. Executing FSM_OPT pass (simple optimizations of FSMs).

5.6. Executing FSM_RECODE pass (re-assigning FSM state encoding).

5.7. Executing FSM_INFO pass (dumping all available information on FSM cells).

5.8. Executing FSM_MAP pass (mapping FSMs to basic logic).

6. Executing OPT pass (performing simple optimizations).

6.1. Executing OPT_EXPR pass (perform const folding).
Optimizing module cmd_latency_ctrl.

6.2. Executing OPT_MERGE pass (detect identical cells).
Finding identical cells in module `\cmd_latency_ctrl'.
Removed a total of 0 cells.

6.3. Executing OPT_MUXTREE pass (detect dead branches in mux trees).
Running muxtree optimizer on module \cmd_latency_ctrl..
  Creating internal representation of mux trees.
  Evaluating internal representation of mux trees.
  Analyzing evaluation results.
Removed 0 multiplexer ports.
<suppressed ~5 debug messages>

6.4. Executing OPT_REDUCE pass (consolidate $*mux and $reduce_* inputs).
  Optimizing cells in module \cmd_latency_ctrl.
Performed a total of 0 changes.

6.5. Executing OPT_MERGE pass (detect identical cells).
Finding identical cells in module `\cmd_latency_ctrl'.
Removed a total of 0 cells.

6.6. Executing OPT_DFF pass (perform DFF optimizations).

6.7. Executing OPT_CLEAN pass (remove unused cells and wires).
Finding unused cells or wires in module \cmd_latency_ctrl..

6.8. Executing OPT_EXPR pass (perform const folding).
Optimizing module cmd_latency_ctrl.

6.9. Finished OPT passes. (There is nothing left to do.)

7. Executing MEMORY pass.

7.1. Executing OPT_MEM pass (optimize memories).
Performed a total of 0 transformations.

7.2. Executing OPT_MEM_PRIORITY pass (removing unnecessary memory write priority relations).
Performed a total of 0 transformations.

7.3. Executing OPT_MEM_FEEDBACK pass (finding memory read-to-write feedback paths).

7.4. Executing MEMORY_BMUX2ROM pass (converting muxes to ROMs).

7.5. Executing MEMORY_DFF pass (merging $dff cells to $memrd).
Checking read port `$auto$proc_rom.cc:150:do_switch$26'[0] in module `\cmd_latency_ctrl': merging output FF to cell.

7.6. Executing OPT_CLEAN pass (remove unused cells and wires).
Finding unused cells or wires in module \cmd_latency_ctrl..
Removed 1 unused cells and 5 unused wires.
<suppressed ~3 debug messages>

7.7. Executing MEMORY_SHARE pass (consolidating $memrd/$memwr cells).

7.8. Executing OPT_MEM_WIDEN pass (optimize memories where all ports are wide).
Performed a total of 0 transformations.

7.9. Executing OPT_CLEAN pass (remove unused cells and wires).
Finding unused cells or wires in module \cmd_latency_ctrl..

7.10. Executing MEMORY_COLLECT pass (generating $mem cells).

7.11. Executing MEMORY_MAP pass (converting memories to logic and flip-flops).
Mapping memory $auto$proc_rom.cc:150:do_switch$26 in module \cmd_latency_ctrl:
  created 8 $dff cells and 0 static cells of width 4.
Extracted data FF from read port 0 of cmd_latency_ctrl.$auto$proc_rom.cc:150:do_switch$26: $$auto$proc_rom.cc:150:do_switch$26$rdreg[0]
  read interface: 1 $dff and 7 $mux cells.
  write interface: 0 write mux blocks.

8. Executing OPT pass (performing simple optimizations).

8.1. Executing OPT_EXPR pass (perform const folding).
Optimizing module cmd_latency_ctrl.
<suppressed ~1 debug messages>

8.2. Executing OPT_MERGE pass (detect identical cells).
Finding identical cells in module `\cmd_latency_ctrl'.
Removed a total of 0 cells.

8.3. Executing OPT_MUXTREE pass (detect dead branches in mux trees).
Running muxtree optimizer on module \cmd_latency_ctrl..
  Creating internal representation of mux trees.
  Evaluating internal representation of mux trees.
  Analyzing evaluation results.
Removed 0 multiplexer ports.
<suppressed ~6 debug messages>

8.4. Executing OPT_REDUCE pass (consolidate $*mux and $reduce_* inputs).
  Optimizing cells in module \cmd_latency_ctrl.
Performed a total of 0 changes.

8.5. Executing OPT_MERGE pass (detect identical cells).
Finding identical cells in module `\cmd_latency_ctrl'.
Removed a total of 0 cells.

8.6. Executing OPT_DFF pass (perform DFF optimizations).

8.7. Executing OPT_CLEAN pass (remove unused cells and wires).
Finding unused cells or wires in module \cmd_latency_ctrl..
Removed 1 unused cells and 9 unused wires.
<suppressed ~2 debug messages>

8.8. Executing OPT_EXPR pass (perform const folding).
Optimizing module cmd_latency_ctrl.

8.9. Rerunning OPT passes. (Maybe there is more to do..)

8.10. Executing OPT_MUXTREE pass (detect dead branches in mux trees).
Running muxtree optimizer on module \cmd_latency_ctrl..
  Creating internal representation of mux trees.
  Evaluating internal representation of mux trees.
  Analyzing evaluation results.
Removed 0 multiplexer ports.
<suppressed ~6 debug messages>

8.11. Executing OPT_REDUCE pass (consolidate $*mux and $reduce_* inputs).
  Optimizing cells in module \cmd_latency_ctrl.
Performed a total of 0 changes.

8.12. Executing OPT_MERGE pass (detect identical cells).
Finding identical cells in module `\cmd_latency_ctrl'.
Removed a total of 0 cells.

8.13. Executing OPT_DFF pass (perform DFF optimizations).

8.14. Executing OPT_CLEAN pass (remove unused cells and wires).
Finding unused cells or wires in module \cmd_latency_ctrl..

8.15. Executing OPT_EXPR pass (perform const folding).
Optimizing module cmd_latency_ctrl.

8.16. Finished OPT passes. (There is nothing left to do.)

9. Executing TECHMAP pass (map to technology primitives).

9.1. Executing Verilog-2005 frontend: /usr/bin/../share/yosys/techmap.v
Parsing Verilog input from `/usr/bin/../share/yosys/techmap.v' to AST representation.
Generating RTLIL representation for module `\_90_simplemap_bool_ops'.
Generating RTLIL representation for module `\_90_simplemap_reduce_ops'.
Generating RTLIL representation for module `\_90_simplemap_logic_ops'.
Generating RTLIL representation for module `\_90_simplemap_compare_ops'.
Generating RTLIL representation for module `\_90_simplemap_various'.
Generating RTLIL representation for module `\_90_simplemap_registers'.
Generating RTLIL representation for module `\_90_shift_ops_shr_shl_sshl_sshr'.
Generating RTLIL representation for module `\_90_shift_shiftx'.
Generating RTLIL representation for module `\_90_fa'.
Generating RTLIL representation for module `\_90_lcu'.
Generating RTLIL representation for module `\_90_alu'.
Generating RTLIL representation for module `\_90_macc'.
Generating RTLIL representation for module `\_90_alumacc'.
Generating RTLIL representation for module `\$__div_mod_u'.
Generating RTLIL representation for module `\$__div_mod_trunc'.
Generating RTLIL representation for module `\_90_div'.
Generating RTLIL representation for module `\_90_mod'.
Generating RTLIL representation for module `\$__div_mod_floor'.
Generating RTLIL representation for module `\_90_divfloor'.
Generating RTLIL representation for module `\_90_modfloor'.
Generating RTLIL representation for module `\_90_pow'.
Generating RTLIL representation for module `\_90_pmux'.
Generating RTLIL representation for module `\_90_demux'.
Generating RTLIL representation for module `\_90_lut'.
Successfully finished Verilog frontend.

9.2. Continuing TECHMAP pass.
Using extmapper simplemap for cells of type $logic_and.
Using extmapper simplemap for cells of type $mux.
Using extmapper simplemap for cells of type $logic_not.
Running "alumacc" on wrapper $extern:wrap:$gt:A_SIGNED=0:A_WIDTH=4:B_SIGNED=0:B_WIDTH=32:Y_WIDTH=1:394426c56d1a028ba8fdd5469b163e04011def47.
Using template $extern:wrap:$gt:A_SIGNED=0:A_WIDTH=4:B_SIGNED=0:B_WIDTH=32:Y_WIDTH=1:394426c56d1a028ba8fdd5469b163e04011def47 for cells of type $extern:wrap:$gt:A_SIGNED=0:A_WIDTH=4:B_SIGNED=0:B_WIDTH=32:Y_WIDTH=1:394426c56d1a028ba8fdd5469b163e04011def47.
Running "alumacc" on wrapper $extern:wrap:$sub:A_SIGNED=0:A_WIDTH=4:B_SIGNED=0:B_WIDTH=1:Y_WIDTH=4:394426c56d1a028ba8fdd5469b163e04011def47.
Using template $extern:wrap:$sub:A_SIGNED=0:A_WIDTH=4:B_SIGNED=0:B_WIDTH=1:Y_WIDTH=4:394426c56d1a028ba8fdd5469b163e04011def47 for cells of type $extern:wrap:$sub:A_SIGNED=0:A_WIDTH=4:B_SIGNED=0:B_WIDTH=1:Y_WIDTH=4:394426c56d1a028ba8fdd5469b163e04011def47.
Using extmapper simplemap for cells of type $not.
Using extmapper simplemap for cells of type $reduce_bool.
Using extmapper simplemap for cells of type $logic_or.
Using extmapper simplemap for cells of type $adffe.
Using extmapper simplemap for cells of type $adff.
Using extmapper simplemap for cells of type $or.
Using extmapper simplemap for cells of type $reduce_and.
Using template $paramod$a7817265ef3ab2ee43da53bbd8a90f6450d412d9\_90_alu for cells of type $alu.
Using template $paramod$8742280fdebca84e1c87f2a86ed84f62d558f4cc\_90_alu for cells of type $alu.
Using extmapper simplemap for cells of type $xor.
Using extmapper simplemap for cells of type $and.
Using template $paramod\_90_lcu\WIDTH=32'00000000000000000000000000100000 for cells of type $lcu.
Using extmapper simplemap for cells of type $pos.
Using template $paramod\_90_lcu\WIDTH=32'00000000000000000000000000000100 for cells of type $lcu.
No more expansions possible.
<suppressed ~599 debug messages>

10. Executing OPT pass (performing simple optimizations).

10.1. Executing OPT_EXPR pass (perform const folding).
Optimizing module cmd_latency_ctrl.
<suppressed ~406 debug messages>

10.2. Executing OPT_MERGE pass (detect identical cells).
Finding identical cells in module `\cmd_latency_ctrl'.
<suppressed ~123 debug messages>
Removed a total of 41 cells.

10.3. Executing OPT_MUXTREE pass (detect dead branches in mux trees).
Running muxtree optimizer on module \cmd_latency_ctrl..
  Creating internal representation of mux trees.
  No muxes found in this module.
Removed 0 multiplexer ports.

10.4. Executing OPT_REDUCE pass (consolidate $*mux and $reduce_* inputs).
  Optimizing cells in module \cmd_latency_ctrl.
Performed a total of 0 changes.

10.5. Executing OPT_MERGE pass (detect identical cells).
Finding identical cells in module `\cmd_latency_ctrl'.
Removed a total of 0 cells.

10.6. Executing OPT_DFF pass (perform DFF optimizations).

10.7. Executing OPT_CLEAN pass (remove unused cells and wires).
Finding unused cells or wires in module \cmd_latency_ctrl..
Removed 3 unused cells and 227 unused wires.
<suppressed ~4 debug messages>

10.8. Executing OPT_EXPR pass (perform const folding).
Optimizing module cmd_latency_ctrl.
<suppressed ~1 debug messages>

10.9. Rerunning OPT passes. (Maybe there is more to do..)

10.10. Executing OPT_MUXTREE pass (detect dead branches in mux trees).
Running muxtree optimizer on module \cmd_latency_ctrl..
  Creating internal representation of mux trees.
  No muxes found in this module.
Removed 0 multiplexer ports.

10.11. Executing OPT_REDUCE pass (consolidate $*mux and $reduce_* inputs).
  Optimizing cells in module \cmd_latency_ctrl.
Performed a total of 0 changes.

10.12. Executing OPT_MERGE pass (detect identical cells).
Finding identical cells in module `\cmd_latency_ctrl'.
Removed a total of 0 cells.

10.13. Executing OPT_DFF pass (perform DFF optimizations).

10.14. Executing OPT_CLEAN pass (remove unused cells and wires).
Finding unused cells or wires in module \cmd_latency_ctrl..
Removed 0 unused cells and 1 unused wires.
<suppressed ~1 debug messages>

10.15. Executing OPT_EXPR pass (perform const folding).
Optimizing module cmd_latency_ctrl.

10.16. Rerunning OPT passes. (Maybe there is more to do..)

10.17. Executing OPT_MUXTREE pass (detect dead branches in mux trees).
Running muxtree optimizer on module \cmd_latency_ctrl..
  Creating internal representation of mux trees.
  No muxes found in this module.
Removed 0 multiplexer ports.

10.18. Executing OPT_REDUCE pass (consolidate $*mux and $reduce_* inputs).
  Optimizing cells in module \cmd_latency_ctrl.
Performed a total of 0 changes.

10.19. Executing OPT_MERGE pass (detect identical cells).
Finding identical cells in module `\cmd_latency_ctrl'.
Removed a total of 0 cells.

10.20. Executing OPT_DFF pass (perform DFF optimizations).

10.21. Executing OPT_CLEAN pass (remove unused cells and wires).
Finding unused cells or wires in module \cmd_latency_ctrl..

10.22. Executing OPT_EXPR pass (perform const folding).
Optimizing module cmd_latency_ctrl.

10.23. Finished OPT passes. (There is nothing left to do.)

11. Executing ABC pass (technology mapping using ABC).

11.1. Extracting gate netlist of module `\cmd_latency_ctrl' to `<abc-temp-dir>/input.blif'..
Extracted 54 gates and 73 wires to a netlist network with 16 inputs and 16 outputs.

11.1.1. Executing ABC.
Running ABC command: "<yosys-exe-dir>/yosys-abc" -s -f <abc-temp-dir>/abc.script 2>&1
ABC: ABC command line: "source <abc-temp-dir>/abc.script".
ABC: 
ABC: + read_blif <abc-temp-dir>/input.blif 
ABC: + read_library <abc-temp-dir>/stdcells.genlib 
ABC: Entered genlib library with 7 gates from file "<abc-temp-dir>/stdcells.genlib".
ABC: + strash 
ABC: + &get -n 
ABC: + &fraig -x 
ABC: + &put 
ABC: + scorr 
ABC: Warning: The network is combinational (run "fraig" or "fraig_sweep").
ABC: + dc2 
ABC: + dretime 
ABC: + strash 
ABC: + &get -n 
ABC: + &dch -f 
ABC: + &nf 
ABC: + &put 
ABC: + write_blif <abc-temp-dir>/output.blif 

11.1.2. Re-integrating ABC results.
ABC RESULTS:                OR cells:       20
ABC RESULTS:               AND cells:       31
ABC RESULTS:               XOR cells:        1
ABC RESULTS:               NOT cells:       14
ABC RESULTS:        internal signals:       41
ABC RESULTS:           input signals:       16
ABC RESULTS:          output signals:       16
Removing temp directory.

12. Executing OPT pass (performing simple optimizations).

12.1. Executing OPT_EXPR pass (perform const folding).
Optimizing module cmd_latency_ctrl.
<suppressed ~8 debug messages>

12.2. Executing OPT_MERGE pass (detect identical cells).
Finding identical cells in module `\cmd_latency_ctrl'.
<suppressed ~3 debug messages>
Removed a total of 1 cells.

12.3. Executing OPT_MUXTREE pass (detect dead branches in mux trees).
Running muxtree optimizer on module \cmd_latency_ctrl..
  Creating internal representation of mux trees.
  No muxes found in this module.
Removed 0 multiplexer ports.

12.4. Executing OPT_REDUCE pass (consolidate $*mux and $reduce_* inputs).
  Optimizing cells in module \cmd_latency_ctrl.
Performed a total of 0 changes.

12.5. Executing OPT_MERGE pass (detect identical cells).
Finding identical cells in module `\cmd_latency_ctrl'.
Removed a total of 0 cells.

12.6. Executing OPT_DFF pass (perform DFF optimizations).

12.7. Executing OPT_CLEAN pass (remove unused cells and wires).
Finding unused cells or wires in module \cmd_latency_ctrl..
Removed 0 unused cells and 55 unused wires.
<suppressed ~2 debug messages>

12.8. Executing OPT_EXPR pass (perform const folding).
Optimizing module cmd_latency_ctrl.

12.9. Rerunning OPT passes. (Maybe there is more to do..)

12.10. Executing OPT_MUXTREE pass (detect dead branches in mux trees).
Running muxtree optimizer on module \cmd_latency_ctrl..
  Creating internal representation of mux trees.
  No muxes found in this module.
Removed 0 multiplexer ports.

12.11. Executing OPT_REDUCE pass (consolidate $*mux and $reduce_* inputs).
  Optimizing cells in module \cmd_latency_ctrl.
Performed a total of 0 changes.

12.12. Executing OPT_MERGE pass (detect identical cells).
Finding identical cells in module `\cmd_latency_ctrl'.
Removed a total of 0 cells.

12.13. Executing OPT_DFF pass (perform DFF optimizations).

12.14. Executing OPT_CLEAN pass (remove unused cells and wires).
Finding unused cells or wires in module \cmd_latency_ctrl..

12.15. Executing OPT_EXPR pass (perform const folding).
Optimizing module cmd_latency_ctrl.

12.16. Finished OPT passes. (There is nothing left to do.)

13. Executing Verilog backend.

13.1. Executing BMUXMAP pass.

13.2. Executing DEMUXMAP pass.
Dumping module `\cmd_latency_ctrl'.

14. Executing JSON backend.

15. Printing statistics.

=== cmd_latency_ctrl ===

   Number of wires:                 77
   Number of wire bits:            122
   Number of public wires:          21
   Number of public wire bits:      60
   Number of memories:               0
   Number of memory bits:            0
   Number of processes:              0
   Number of cells:                 83
     $_AND_                         31
     $_DFFE_PN0N_                    8
     $_DFFE_PN0P_                    4
     $_DFFE_PN1P_                    1
     $_DFF_PN0_                      5
     $_NOT_                         13
     $_OR_                          20
     $_XOR_                          1

End of script. Logfile hash: fc82ecb814, CPU: user 0.15s system 0.01s, MEM: 15.00 MB peak
Yosys 0.33 (git sha1 2584903a060)
Time spent: 27% 1x abc (0 sec), 20% 20x opt_expr (0 sec), ...
