
 /----------------------------------------------------------------------------\
 |                                                                            |
 |  yosys -- Yosys Open SYnthesis Suite                                       |
 |                                                                            |
 |  Copyright (C) 2012 - 2020  Claire Xenia Wolf <claire@yosyshq.com>         |
 |                                                                            |
 |  Permission to use, copy, modify, and/or distribute this software for any  |
 |  purpose with or without fee is hereby granted, provided that the above    |
 |  copyright notice and this permission notice appear in all copies.         |
 |                                                                            |
 |  THE SOFTWARE IS PROVIDED "AS IS" AND THE AUTHOR DISCLAIMS ALL WARRANTIES  |
 |  WITH REGARD TO THIS SOFTWARE INCLUDING ALL IMPLIED WARRANTIES OF          |
 |  MERCHANTABILITY AND FITNESS. IN NO EVENT SHALL THE AUTHOR BE LIABLE FOR   |
 |  ANY SPECIAL, DIRECT, INDIRECT, OR CONSEQUENTIAL DAMAGES OR ANY DAMAGES    |
 |  WHATSOEVER RESULTING FROM LOSS OF USE, DATA OR PROFITS, WHETHER IN AN     |
 |  ACTION OF CONTRACT, NEGLIGENCE OR OTHER TORTIOUS ACTION, ARISING OUT OF   |
 |  OR IN CONNECTION WITH THE USE OR PERFORMANCE OF THIS SOFTWARE.            |
 |                                                                            |
 \----------------------------------------------------------------------------/

 Yosys 0.33 (git sha1 2584903a060)


-- Executing script file `netlists/dram_init_ctrl_synth.ys' --

1. Executing Verilog-2005 frontend: rtl/dram_init_ctrl.sv
Parsing SystemVerilog input from `rtl/dram_init_ctrl.sv' to AST representation.
Generating RTLIL representation for module `\dram_init_ctrl'.
Successfully finished Verilog frontend.

2. Executing HIERARCHY pass (managing design hierarchy).

2.1. Analyzing design hierarchy..
Top module:  \dram_init_ctrl

2.2. Analyzing design hierarchy..
Top module:  \dram_init_ctrl
Removed 0 unused modules.

3. Executing PROC pass (convert processes to netlists).

3.1. Executing PROC_CLEAN pass (remove empty switches from decision trees).
Found and cleaned up 1 empty switch in `\dram_init_ctrl.$proc$rtl/dram_init_ctrl.sv:72$18'.
Cleaned up 1 empty switch.

3.2. Executing PROC_RMDEAD pass (remove dead branches from decision trees).
Marked 8 switch rules as full_case in process $proc$rtl/dram_init_ctrl.sv:72$18 in module dram_init_ctrl.
Marked 3 switch rules as full_case in process $proc$rtl/dram_init_ctrl.sv:51$1 in module dram_init_ctrl.
Removed a total of 0 dead cases.

3.3. Executing PROC_PRUNE pass (remove redundant assignments in processes).
Removed 2 redundant assignments.
Promoted 6 assignments to connections.

3.4. Executing PROC_INIT pass (extract init attributes).

3.5. Executing PROC_ARST pass (detect async resets in processes).
Found async reset \rst_n in `\dram_init_ctrl.$proc$rtl/dram_init_ctrl.sv:51$1'.

3.6. Executing PROC_ROM pass (convert switches to ROMs).
Converted 0 switches.
<suppressed ~11 debug messages>

3.7. Executing PROC_MUX pass (convert decision trees to multiplexers).
Creating decoders for process `\dram_init_ctrl.$proc$rtl/dram_init_ctrl.sv:72$18'.
     1/16: $8\state_nxt[3:0]
     2/16: $2\cmd_data[31:0]
     3/16: $2\cmd_type[4:0]
     4/16: $2\cmd_valid[0:0]
     5/16: $7\state_nxt[3:0]
     6/16: $6\state_nxt[3:0]
     7/16: $5\state_nxt[3:0]
     8/16: $4\state_nxt[3:0]
     9/16: $3\state_nxt[3:0]
    10/16: $2\state_nxt[3:0]
    11/16: $1\state_nxt[3:0]
    12/16: $1\cmd_data[31:0]
    13/16: $1\cmd_type[4:0]
    14/16: $1\cmd_valid[0:0]
    15/16: $1\done[0:0]
    16/16: $1\busy[0:0]
Creating decoders for process `\dram_init_ctrl.$proc$rtl/dram_init_ctrl.sv:51$1'.
     1/3: $0\timer[13:0]
     2/3: $0\state[3:0]
     3/3: $0\mr_index[2:0]

3.8. Executing PROC_DLATCH pass (convert process syncs to latches).
No latch inferred for signal `\dram_init_ctrl.\busy' from process `\dram_init_ctrl.$proc$rtl/dram_init_ctrl.sv:72$18'.
No latch inferred for signal `\dram_init_ctrl.\done' from process `\dram_init_ctrl.$proc$rtl/dram_init_ctrl.sv:72$18'.
No latch inferred for signal `\dram_init_ctrl.\cmd_valid' from process `\dram_init_ctrl.$proc$rtl/dram_init_ctrl.sv:72$18'.
No latch inferred for signal `\dram_init_ctrl.\cmd_type' from process `\dram_init_ctrl.$proc$rtl/dram_init_ctrl.sv:72$18'.
No latch inferred for signal `\dram_init_ctrl.\cmd_data' from process `\dram_init_ctrl.$proc$rtl/dram_init_ctrl.sv:72$18'.
No latch inferred for signal `\dram_init_ctrl.\state_nxt' from process `\dram_init_ctrl.$proc$rtl/dram_init_ctrl.sv:72$18'.

3.9. Executing PROC_DFF pass (convert process syncs to FFs).
Creating register for signal `\dram_init_ctrl.\state' using process `\dram_init_ctrl.$proc$rtl/dram_init_ctrl.sv:51$1'.
  created $adff cell `$procdff$168' with positive edge clock and negative level reset.
Creating register for signal `\dram_init_ctrl.\timer' using process `\dram_init_ctrl.$proc$rtl/dram_init_ctrl.sv:51$1'.
  created $adff cell `$procdff$169' with positive edge clock and negative level reset.
Creating register for signal `\dram_init_ctrl.\mr_index' using process `\dram_init_ctrl.$proc$rtl/dram_init_ctrl.sv:51$1'.
  created $adff cell `$procdff$170' with positive edge clock and negative level reset.

3.10. Executing PROC_MEMWR pass (convert process memory writes to cells).

3.11. Executing PROC_CLEAN pass (remove empty switches from decision trees).
Found and cleaned up 8 empty switches in `\dram_init_ctrl.$proc$rtl/dram_init_ctrl.sv:72$18'.
Removing empty process `dram_init_ctrl.$proc$rtl/dram_init_ctrl.sv:72$18'.
Found and cleaned up 3 empty switches in `\dram_init_ctrl.$proc$rtl/dram_init_ctrl.sv:51$1'.
Removing empty process `dram_init_ctrl.$proc$rtl/dram_init_ctrl.sv:51$1'.
Cleaned up 11 empty switches.

3.12. Executing OPT_EXPR pass (perform const folding).
Optimizing module dram_init_ctrl.
<suppressed ~2 debug messages>

4. Executing OPT pass (performing simple optimizations).

4.1. Executing OPT_EXPR pass (perform const folding).
Optimizing module dram_init_ctrl.

4.2. Executing OPT_MERGE pass (detect identical cells).
Finding identical cells in module `\dram_init_ctrl'.
<suppressed ~102 debug messages>
Removed a total of 34 cells.

4.3. Executing OPT_MUXTREE pass (detect dead branches in mux trees).
Running muxtree optimizer on module \dram_init_ctrl..
  Creating internal representation of mux trees.
  Evaluating internal representation of mux trees.
  Analyzing evaluation results.
    dead port 2/2 on $mux $procmux$117.
    dead port 2/2 on $mux $procmux$104.
    dead port 2/2 on $mux $procmux$92.
    dead port 2/2 on $mux $procmux$81.
    dead port 2/2 on $mux $procmux$71.
    dead port 2/2 on $mux $procmux$62.
    dead port 2/2 on $mux $procmux$54.
    dead port 2/2 on $mux $procmux$46.
    dead port 2/2 on $mux $procmux$38.
    dead port 2/2 on $mux $procmux$30.
Removed 10 multiplexer ports.
<suppressed ~8 debug messages>

4.4. Executing OPT_REDUCE pass (consolidate $*mux and $reduce_* inputs).
  Optimizing cells in module \dram_init_ctrl.
    New ctrl vector for $pmux cell $procmux$143: { $procmux$155_CMP $auto$opt_reduce.cc:134:opt_pmux$172 }
    New ctrl vector for $pmux cell $procmux$153: $auto$opt_reduce.cc:134:opt_pmux$174
  Optimizing cells in module \dram_init_ctrl.
Performed a total of 2 changes.

4.5. Executing OPT_MERGE pass (detect identical cells).
Finding identical cells in module `\dram_init_ctrl'.
Removed a total of 0 cells.

4.6. Executing OPT_DFF pass (perform DFF optimizations).
Adding EN signal on $procdff$168 ($adff) from module dram_init_ctrl (D = $procmux$120_Y, Q = \state).
Adding EN signal on $procdff$170 ($adff) from module dram_init_ctrl (D = $procmux$166_Y, Q = \mr_index).

4.7. Executing OPT_CLEAN pass (remove unused cells and wires).
Finding unused cells or wires in module \dram_init_ctrl..
Removed 1 unused cells and 89 unused wires.
<suppressed ~2 debug messages>

4.8. Executing OPT_EXPR pass (perform const folding).
Optimizing module dram_init_ctrl.
<suppressed ~2 debug messages>

4.9. Rerunning OPT passes. (Maybe there is more to do..)

4.10. Executing OPT_MUXTREE pass (detect dead branches in mux trees).
Running muxtree optimizer on module \dram_init_ctrl..
  Creating internal representation of mux trees.
  Evaluating internal representation of mux trees.
  Analyzing evaluation results.
Removed 0 multiplexer ports.
<suppressed ~8 debug messages>

4.11. Executing OPT_REDUCE pass (consolidate $*mux and $reduce_* inputs).
  Optimizing cells in module \dram_init_ctrl.
Performed a total of 0 changes.

4.12. Executing OPT_MERGE pass (detect identical cells).
Finding identical cells in module `\dram_init_ctrl'.
Removed a total of 0 cells.

4.13. Executing OPT_DFF pass (perform DFF optimizations).

4.14. Executing OPT_CLEAN pass (remove unused cells and wires).
Finding unused cells or wires in module \dram_init_ctrl..

4.15. Executing OPT_EXPR pass (perform const folding).
Optimizing module dram_init_ctrl.

4.16. Finished OPT passes. (There is nothing left to do.)

5. Executing FSM pass (extract and optimize FSM).

5.1. Executing FSM_DETECT pass (finding FSMs in design).

5.2. Executing FSM_EXTRACT pass (extracting FSM from design).

5.3. Executing FSM_OPT pass (simple optimizations of FSMs).

5.4. Executing OPT_CLEAN pass (remove unused cells and wires).
Finding unused cells or wires in module \dram_init_ctrl..

5.5. Executing FSM_OPT pass (simple optimizations of FSMs).

5.6. Executing FSM_RECODE pass (re-assigning FSM state encoding).

5.7. Executing FSM_INFO pass (dumping all available information on FSM cells).

5.8. Executing FSM_MAP pass (mapping FSMs to basic logic).

6. Executing OPT pass (performing simple optimizations).

6.1. Executing OPT_EXPR pass (perform const folding).
Optimizing module dram_init_ctrl.

6.2. Executing OPT_MERGE pass (detect identical cells).
Finding identical cells in module `\dram_init_ctrl'.
Removed a total of 0 cells.

6.3. Executing OPT_MUXTREE pass (detect dead branches in mux trees).
Running muxtree optimizer on module \dram_init_ctrl..
  Creating internal representation of mux trees.
  Evaluating internal representation of mux trees.
  Analyzing evaluation results.
Removed 0 multiplexer ports.
<suppressed ~8 debug messages>

6.4. Executing OPT_REDUCE pass (consolidate $*mux and $reduce_* inputs).
  Optimizing cells in module \dram_init_ctrl.
Performed a total of 0 changes.

6.5. Executing OPT_MERGE pass (detect identical cells).
Finding identical cells in module `\dram_init_ctrl'.
Removed a total of 0 cells.

6.6. Executing OPT_DFF pass (perform DFF optimizations).

6.7. Executing OPT_CLEAN pass (remove unused cells and wires).
Finding unused cells or wires in module \dram_init_ctrl..

6.8. Executing OPT_EXPR pass (perform const folding).
Optimizing module dram_init_ctrl.

6.9. Finished OPT passes. (There is nothing left to do.)

7. Executing MEMORY pass.

7.1. Executing OPT_MEM pass (optimize memories).
Performed a total of 0 transformations.

7.2. Executing OPT_MEM_PRIORITY pass (removing unnecessary memory write priority relations).
Performed a total of 0 transformations.

7.3. Executing OPT_MEM_FEEDBACK pass (finding memory read-to-write feedback paths).

7.4. Executing MEMORY_BMUX2ROM pass (converting muxes to ROMs).

7.5. Executing MEMORY_DFF pass (merging $dff cells to $memrd).

7.6. Executing OPT_CLEAN pass (remove unused cells and wires).
Finding unused cells or wires in module \dram_init_ctrl..

7.7. Executing MEMORY_SHARE pass (consolidating $memrd/$memwr cells).

7.8. Executing OPT_MEM_WIDEN pass (optimize memories where all ports are wide).
Performed a total of 0 transformations.

7.9. Executing OPT_CLEAN pass (remove unused cells and wires).
Finding unused cells or wires in module \dram_init_ctrl..

7.10. Executing MEMORY_COLLECT pass (generating $mem cells).

7.11. Executing MEMORY_MAP pass (converting memories to logic and flip-flops).

8. Executing OPT pass (performing simple optimizations).

8.1. Executing OPT_EXPR pass (perform const folding).
Optimizing module dram_init_ctrl.

8.2. Executing OPT_MERGE pass (detect identical cells).
Finding identical cells in module `\dram_init_ctrl'.
Removed a total of 0 cells.

8.3. Executing OPT_MUXTREE pass (detect dead branches in mux trees).
Running muxtree optimizer on module \dram_init_ctrl..
  Creating internal representation of mux trees.
  Evaluating internal representation of mux trees.
  Analyzing evaluation results.
Removed 0 multiplexer ports.
<suppressed ~8 debug messages>

8.4. Executing OPT_REDUCE pass (consolidate $*mux and $reduce_* inputs).
  Optimizing cells in module \dram_init_ctrl.
Performed a total of 0 changes.

8.5. Executing OPT_MERGE pass (detect identical cells).
Finding identical cells in module `\dram_init_ctrl'.
Removed a total of 0 cells.

8.6. Executing OPT_DFF pass (perform DFF optimizations).

8.7. Executing OPT_CLEAN pass (remove unused cells and wires).
Finding unused cells or wires in module \dram_init_ctrl..

8.8. Executing OPT_EXPR pass (perform const folding).
Optimizing module dram_init_ctrl.

8.9. Finished OPT passes. (There is nothing left to do.)

9. Executing TECHMAP pass (map to technology primitives).

9.1. Executing Verilog-2005 frontend: /usr/bin/../share/yosys/techmap.v
Parsing Verilog input from `/usr/bin/../share/yosys/techmap.v' to AST representation.
Generating RTLIL representation for module `\_90_simplemap_bool_ops'.
Generating RTLIL representation for module `\_90_simplemap_reduce_ops'.
Generating RTLIL representation for module `\_90_simplemap_logic_ops'.
Generating RTLIL representation for module `\_90_simplemap_compare_ops'.
Generating RTLIL representation for module `\_90_simplemap_various'.
Generating RTLIL representation for module `\_90_simplemap_registers'.
Generating RTLIL representation for module `\_90_shift_ops_shr_shl_sshl_sshr'.
Generating RTLIL representation for module `\_90_shift_shiftx'.
Generating RTLIL representation for module `\_90_fa'.
Generating RTLIL representation for module `\_90_lcu'.
Generating RTLIL representation for module `\_90_alu'.
Generating RTLIL representation for module `\_90_macc'.
Generating RTLIL representation for module `\_90_alumacc'.
Generating RTLIL representation for module `\$__div_mod_u'.
Generating RTLIL representation for module `\$__div_mod_trunc'.
Generating RTLIL representation for module `\_90_div'.
Generating RTLIL representation for module `\_90_mod'.
Generating RTLIL representation for module `\$__div_mod_floor'.
Generating RTLIL representation for module `\_90_divfloor'.
Generating RTLIL representation for module `\_90_modfloor'.
Generating RTLIL representation for module `\_90_pow'.
Generating RTLIL representation for module `\_90_pmux'.
Generating RTLIL representation for module `\_90_demux'.
Generating RTLIL representation for module `\_90_lut'.
Successfully finished Verilog frontend.

9.2. Continuing TECHMAP pass.
Using extmapper simplemap for cells of type $ne.
Using extmapper simplemap for cells of type $logic_or.
Running "alumacc" on wrapper $extern:wrap:$add:A_SIGNED=0:A_WIDTH=14:B_SIGNED=0:B_WIDTH=32:Y_WIDTH=32:394426c56d1a028ba8fdd5469b163e04011def47.
Using template $extern:wrap:$add:A_SIGNED=0:A_WIDTH=14:B_SIGNED=0:B_WIDTH=32:Y_WIDTH=32:394426c56d1a028ba8fdd5469b163e04011def47 for cells of type $extern:wrap:$add:A_SIGNED=0:A_WIDTH=14:B_SIGNED=0:B_WIDTH=32:Y_WIDTH=32:394426c56d1a028ba8fdd5469b163e04011def47.
Using extmapper simplemap for cells of type $logic_and.
Running "alumacc" on wrapper $extern:wrap:$add:A_SIGNED=0:A_WIDTH=3:B_SIGNED=0:B_WIDTH=32:Y_WIDTH=32:394426c56d1a028ba8fdd5469b163e04011def47.
Using template $extern:wrap:$add:A_SIGNED=0:A_WIDTH=3:B_SIGNED=0:B_WIDTH=32:Y_WIDTH=32:394426c56d1a028ba8fdd5469b163e04011def47 for cells of type $extern:wrap:$add:A_SIGNED=0:A_WIDTH=3:B_SIGNED=0:B_WIDTH=32:Y_WIDTH=32:394426c56d1a028ba8fdd5469b163e04011def47.
Running "alumacc" on wrapper $extern:wrap:$ge:A_SIGNED=0:A_WIDTH=14:B_SIGNED=0:B_WIDTH=32:Y_WIDTH=1:394426c56d1a028ba8fdd5469b163e04011def47.
Using template $extern:wrap:$ge:A_SIGNED=0:A_WIDTH=14:B_SIGNED=0:B_WIDTH=32:Y_WIDTH=1:394426c56d1a028ba8fdd5469b163e04011def47 for cells of type $extern:wrap:$ge:A_SIGNED=0:A_WIDTH=14:B_SIGNED=0:B_WIDTH=32:Y_WIDTH=1:394426c56d1a028ba8fdd5469b163e04011def47.
Running "alumacc" on wrapper $extern:wrap:$lt:A_SIGNED=0:A_WIDTH=3:B_SIGNED=0:B_WIDTH=32:Y_WIDTH=1:394426c56d1a028ba8fdd5469b163e04011def47.
Using template $extern:wrap:$lt:A_SIGNED=0:A_WIDTH=3:B_SIGNED=0:B_WIDTH=32:Y_WIDTH=1:394426c56d1a028ba8fdd5469b163e04011def47 for cells of type $extern:wrap:$lt:A_SIGNED=0:A_WIDTH=3:B_SIGNED=0:B_WIDTH=32:Y_WIDTH=1:394426c56d1a028ba8fdd5469b163e04011def47.
Using extmapper simplemap for cells of type $mux.
Using extmapper simplemap for cells of type $reduce_or.
Using extmapper simplemap for cells of type $not.
Using extmapper simplemap for cells of type $adffe.
Using extmapper simplemap for cells of type $reduce_and.
Using extmapper simplemap for cells of type $reduce_bool.
Using template $paramod$b6ec48645094baeb70d6b93add0cdbbe7498ad3c\_90_pmux for cells of type $pmux.
Using extmapper simplemap for cells of type $logic_not.
Using template $paramod$8fabc56b80a569262acfc42757a02ca0b8e91278\_90_pmux for cells of type $pmux.
Using template $paramod$24fb226dd75c9d3f6955ec2ad61d794776778cf6\_90_pmux for cells of type $pmux.
Using template $paramod$c5c783b17ab1d780abfad8cfe6563a0a7b47a3b0\_90_pmux for cells of type $pmux.
Using extmapper simplemap for cells of type $eq.
Using extmapper simplemap for cells of type $adff.
Using template $paramod$531b0e8664cf0177363f10a943e616839f246c95\_90_alu for cells of type $alu.
Using template $paramod$076c9a7a3f037230073fe14dd4865d470cb48917\_90_alu for cells of type $alu.
Using extmapper simplemap for cells of type $or.
Using extmapper simplemap for cells of type $and.
Using extmapper simplemap for cells of type $xor.
Using template $paramod\_90_lcu\WIDTH=32'00000000000000000000000000100000 for cells of type $lcu.
Using extmapper simplemap for cells of type $pos.
No more expansions possible.
<suppressed ~1560 debug messages>

10. Executing OPT pass (performing simple optimizations).

10.1. Executing OPT_EXPR pass (perform const folding).
Optimizing module dram_init_ctrl.
<suppressed ~2255 debug messages>

10.2. Executing OPT_MERGE pass (detect identical cells).
Finding identical cells in module `\dram_init_ctrl'.
<suppressed ~837 debug messages>
Removed a total of 279 cells.

10.3. Executing OPT_MUXTREE pass (detect dead branches in mux trees).
Running muxtree optimizer on module \dram_init_ctrl..
  Creating internal representation of mux trees.
  No muxes found in this module.
Removed 0 multiplexer ports.

10.4. Executing OPT_REDUCE pass (consolidate $*mux and $reduce_* inputs).
  Optimizing cells in module \dram_init_ctrl.
Performed a total of 0 changes.

10.5. Executing OPT_MERGE pass (detect identical cells).
Finding identical cells in module `\dram_init_ctrl'.
Removed a total of 0 cells.

10.6. Executing OPT_DFF pass (perform DFF optimizations).

10.7. Executing OPT_CLEAN pass (remove unused cells and wires).
Finding unused cells or wires in module \dram_init_ctrl..
Removed 106 unused cells and 1387 unused wires.
<suppressed ~107 debug messages>

10.8. Executing OPT_EXPR pass (perform const folding).
Optimizing module dram_init_ctrl.

10.9. Rerunning OPT passes. (Maybe there is more to do..)

10.10. Executing OPT_MUXTREE pass (detect dead branches in mux trees).
Running muxtree optimizer on module \dram_init_ctrl..
  Creating internal representation of mux trees.
  No muxes found in this module.
Removed 0 multiplexer ports.

10.11. Executing OPT_REDUCE pass (consolidate $*mux and $reduce_* inputs).
  Optimizing cells in module \dram_init_ctrl.
Performed a total of 0 changes.

10.12. Executing OPT_MERGE pass (detect identical cells).
Finding identical cells in module `\dram_init_ctrl'.
Removed a total of 0 cells.

10.13. Executing OPT_DFF pass (perform DFF optimizations).

10.14. Executing OPT_CLEAN pass (remove unused cells and wires).
Finding unused cells or wires in module \dram_init_ctrl..

10.15. Executing OPT_EXPR pass (perform const folding).
Optimizing module dram_init_ctrl.

10.16. Finished OPT passes. (There is nothing left to do.)

11. Executing ABC pass (technology mapping using ABC).

11.1. Extracting gate netlist of module `\dram_init_ctrl' to `<abc-temp-dir>/input.blif'..
Extracted 260 gates and 286 wires to a netlist network with 23 inputs and 32 outputs.

11.1.1. Executing ABC.
Running ABC command: "<yosys-exe-dir>/yosys-abc" -s -f <abc-temp-dir>/abc.script 2>&1
ABC: ABC command line: "source <abc-temp-dir>/abc.script".
ABC: 
ABC: + read_blif <abc-temp-dir>/input.blif 
ABC: + read_library <abc-temp-dir>/stdcells.genlib 
ABC: Entered genlib library with 7 gates from file "<abc-temp-dir>/stdcells.genlib".
ABC: + strash 
ABC: + &get -n 
ABC: + &fraig -x 
ABC: + &put 
ABC: + scorr 
ABC: Warning: The network is combinational (run "fraig" or "fraig_sweep").
ABC: + dc2 
ABC: + dretime 
ABC: + strash 
ABC: + &get -n 
ABC: + &dch -f 
ABC: + &nf 
ABC: + &put 
ABC: + write_blif <abc-temp-dir>/output.blif 

11.1.2. Re-integrating ABC results.
ABC RESULTS:               NOT cells:       14
ABC RESULTS:               XOR cells:       14
ABC RESULTS:               AND cells:       66
ABC RESULTS:                OR cells:       40
ABC RESULTS:              ZERO cells:        1
ABC RESULTS:        internal signals:      231
ABC RESULTS:           input signals:       23
ABC RESULTS:          output signals:       32
Removing temp directory.

12. Executing OPT pass (performing simple optimizations).

12.1. Executing OPT_EXPR pass (perform const folding).
Optimizing module dram_init_ctrl.

12.2. Executing OPT_MERGE pass (detect identical cells).
Finding identical cells in module `\dram_init_ctrl'.
Removed a total of 0 cells.

12.3. Executing OPT_MUXTREE pass (detect dead branches in mux trees).
Running muxtree optimizer on module \dram_init_ctrl..
  Creating internal representation of mux trees.
  No muxes found in this module.
Removed 0 multiplexer ports.

12.4. Executing OPT_REDUCE pass (consolidate $*mux and $reduce_* inputs).
  Optimizing cells in module \dram_init_ctrl.
Performed a total of 0 changes.

12.5. Executing OPT_MERGE pass (detect identical cells).
Finding identical cells in module `\dram_init_ctrl'.
Removed a total of 0 cells.

12.6. Executing OPT_DFF pass (perform DFF optimizations).
Setting constant 0-bit at position 0 on $auto$ff.cc:266:slice$415 ($_DFFE_PN0P_) from module dram_init_ctrl.

12.7. Executing OPT_CLEAN pass (remove unused cells and wires).
Finding unused cells or wires in module \dram_init_ctrl..
Removed 0 unused cells and 182 unused wires.
<suppressed ~1 debug messages>

12.8. Executing OPT_EXPR pass (perform const folding).
Optimizing module dram_init_ctrl.
<suppressed ~4 debug messages>

12.9. Rerunning OPT passes. (Maybe there is more to do..)

12.10. Executing OPT_MUXTREE pass (detect dead branches in mux trees).
Running muxtree optimizer on module \dram_init_ctrl..
  Creating internal representation of mux trees.
  No muxes found in this module.
Removed 0 multiplexer ports.

12.11. Executing OPT_REDUCE pass (consolidate $*mux and $reduce_* inputs).
  Optimizing cells in module \dram_init_ctrl.
Performed a total of 0 changes.

12.12. Executing OPT_MERGE pass (detect identical cells).
Finding identical cells in module `\dram_init_ctrl'.
<suppressed ~3 debug messages>
Removed a total of 1 cells.

12.13. Executing OPT_DFF pass (perform DFF optimizations).

12.14. Executing OPT_CLEAN pass (remove unused cells and wires).
Finding unused cells or wires in module \dram_init_ctrl..
Removed 0 unused cells and 5 unused wires.
<suppressed ~1 debug messages>

12.15. Executing OPT_EXPR pass (perform const folding).
Optimizing module dram_init_ctrl.

12.16. Rerunning OPT passes. (Maybe there is more to do..)

12.17. Executing OPT_MUXTREE pass (detect dead branches in mux trees).
Running muxtree optimizer on module \dram_init_ctrl..
  Creating internal representation of mux trees.
  No muxes found in this module.
Removed 0 multiplexer ports.

12.18. Executing OPT_REDUCE pass (consolidate $*mux and $reduce_* inputs).
  Optimizing cells in module \dram_init_ctrl.
Performed a total of 0 changes.

12.19. Executing OPT_MERGE pass (detect identical cells).
Finding identical cells in module `\dram_init_ctrl'.
Removed a total of 0 cells.

12.20. Executing OPT_DFF pass (perform DFF optimizations).

12.21. Executing OPT_CLEAN pass (remove unused cells and wires).
Finding unused cells or wires in module \dram_init_ctrl..

12.22. Executing OPT_EXPR pass (perform const folding).
Optimizing module dram_init_ctrl.

12.23. Finished OPT passes. (There is nothing left to do.)

13. Executing Verilog backend.

13.1. Executing BMUXMAP pass.

13.2. Executing DEMUXMAP pass.
Dumping module `\dram_init_ctrl'.

14. Executing JSON backend.

15. Printing statistics.

=== dram_init_ctrl ===

   Number of wires:                115
   Number of wire bits:            186
   Number of public wires:          13
   Number of public wire bits:      69
   Number of memories:               0
   Number of memory bits:            0
   Number of processes:              0
   Number of cells:                149
     $_AND_                         64
     $_DFFE_PN0P_                    6
     $_DFF_PN0_                     14
     $_NOT_                         12
     $_OR_                          39
     $_XOR_                         14

End of script. Logfile hash: da3ed296cf, CPU: user 0.33s system 0.01s, MEM: 24.22 MB peak
Yosys 0.33 (git sha1 2584903a060)
Time spent: 25% 17x opt_expr (0 sec), 24% 1x techmap (0 sec), ...
