
 /----------------------------------------------------------------------------\
 |                                                                            |
 |  yosys -- Yosys Open SYnthesis Suite                                       |
 |                                                                            |
 |  Copyright (C) 2012 - 2020  Claire Xenia Wolf <claire@yosyshq.com>         |
 |                                                                            |
 |  Permission to use, copy, modify, and/or distribute this software for any  |
 |  purpose with or without fee is hereby granted, provided that the above    |
 |  copyright notice and this permission notice appear in all copies.         |
 |                                                                            |
 |  THE SOFTWARE IS PROVIDED "AS IS" AND THE AUTHOR DISCLAIMS ALL WARRANTIES  |
 |  WITH REGARD TO THIS SOFTWARE INCLUDING ALL IMPLIED WARRANTIES OF          |
 |  MERCHANTABILITY AND FITNESS. IN NO EVENT SHALL THE AUTHOR BE LIABLE FOR   |
 |  ANY SPECIAL, DIRECT, INDIRECT, OR CONSEQUENTIAL DAMAGES OR ANY DAMAGES    |
 |  WHATSOEVER RESULTING FROM LOSS OF USE, DATA OR PROFITS, WHETHER IN AN     |
 |  ACTION OF CONTRACT, NEGLIGENCE OR OTHER TORTIOUS ACTION, ARISING OUT OF   |
 |  OR IN CONNECTION WITH THE USE OR PERFORMANCE OF THIS SOFTWARE.            |
 |                                                                            |
 \----------------------------------------------------------------------------/

 Yosys 0.33 (git sha1 2584903a060)


-- Executing script file `netlists/reg_init_ctrl_synth.ys' --

1. Executing Verilog-2005 frontend: rtl/reg_init_ctrl.sv
Parsing SystemVerilog input from `rtl/reg_init_ctrl.sv' to AST representation.
Generating RTLIL representation for module `\reg_init_ctrl'.
Successfully finished Verilog frontend.

2. Executing HIERARCHY pass (managing design hierarchy).

2.1. Analyzing design hierarchy..
Top module:  \reg_init_ctrl

2.2. Analyzing design hierarchy..
Top module:  \reg_init_ctrl
Removed 0 unused modules.

3. Executing PROC pass (convert processes to netlists).

3.1. Executing PROC_CLEAN pass (remove empty switches from decision trees).
Cleaned up 0 empty switches.

3.2. Executing PROC_RMDEAD pass (remove dead branches from decision trees).
Marked 2 switch rules as full_case in process $proc$rtl/reg_init_ctrl.sv:29$1 in module reg_init_ctrl.
Removed a total of 0 dead cases.

3.3. Executing PROC_PRUNE pass (remove redundant assignments in processes).
Removed 0 redundant assignments.
Promoted 0 assignments to connections.

3.4. Executing PROC_INIT pass (extract init attributes).

3.5. Executing PROC_ARST pass (detect async resets in processes).
Found async reset \rst_n in `\reg_init_ctrl.$proc$rtl/reg_init_ctrl.sv:29$1'.

3.6. Executing PROC_ROM pass (convert switches to ROMs).
Converted 0 switches.
<suppressed ~1 debug messages>

3.7. Executing PROC_MUX pass (convert decision trees to multiplexers).
Creating decoders for process `\reg_init_ctrl.$proc$rtl/reg_init_ctrl.sv:29$1'.
     1/7: $0\state[1:0]
     2/7: $0\handshake_end[0:0]
     3/7: $0\handshake_start[0:0]
     4/7: $0\init_done[0:0]
     5/7: $0\reg2[31:0]
     6/7: $0\reg1[31:0]
     7/7: $0\reg0[31:0]

3.8. Executing PROC_DLATCH pass (convert process syncs to latches).

3.9. Executing PROC_DFF pass (convert process syncs to FFs).
Creating register for signal `\reg_init_ctrl.\reg0' using process `\reg_init_ctrl.$proc$rtl/reg_init_ctrl.sv:29$1'.
  created $adff cell `$procdff$17' with positive edge clock and negative level reset.
Creating register for signal `\reg_init_ctrl.\reg1' using process `\reg_init_ctrl.$proc$rtl/reg_init_ctrl.sv:29$1'.
  created $adff cell `$procdff$18' with positive edge clock and negative level reset.
Creating register for signal `\reg_init_ctrl.\reg2' using process `\reg_init_ctrl.$proc$rtl/reg_init_ctrl.sv:29$1'.
  created $adff cell `$procdff$19' with positive edge clock and negative level reset.
Creating register for signal `\reg_init_ctrl.\init_done' using process `\reg_init_ctrl.$proc$rtl/reg_init_ctrl.sv:29$1'.
  created $adff cell `$procdff$20' with positive edge clock and negative level reset.
Creating register for signal `\reg_init_ctrl.\handshake_start' using process `\reg_init_ctrl.$proc$rtl/reg_init_ctrl.sv:29$1'.
  created $adff cell `$procdff$21' with positive edge clock and negative level reset.
Creating register for signal `\reg_init_ctrl.\handshake_end' using process `\reg_init_ctrl.$proc$rtl/reg_init_ctrl.sv:29$1'.
  created $adff cell `$procdff$22' with positive edge clock and negative level reset.
Creating register for signal `\reg_init_ctrl.\state' using process `\reg_init_ctrl.$proc$rtl/reg_init_ctrl.sv:29$1'.
  created $adff cell `$procdff$23' with positive edge clock and negative level reset.

3.10. Executing PROC_MEMWR pass (convert process memory writes to cells).

3.11. Executing PROC_CLEAN pass (remove empty switches from decision trees).
Found and cleaned up 1 empty switch in `\reg_init_ctrl.$proc$rtl/reg_init_ctrl.sv:29$1'.
Removing empty process `reg_init_ctrl.$proc$rtl/reg_init_ctrl.sv:29$1'.
Cleaned up 1 empty switch.

3.12. Executing OPT_EXPR pass (perform const folding).
Optimizing module reg_init_ctrl.
<suppressed ~2 debug messages>

4. Executing OPT pass (performing simple optimizations).

4.1. Executing OPT_EXPR pass (perform const folding).
Optimizing module reg_init_ctrl.

4.2. Executing OPT_MERGE pass (detect identical cells).
Finding identical cells in module `\reg_init_ctrl'.
<suppressed ~9 debug messages>
Removed a total of 3 cells.

4.3. Executing OPT_MUXTREE pass (detect dead branches in mux trees).
Running muxtree optimizer on module \reg_init_ctrl..
  Creating internal representation of mux trees.
  Evaluating internal representation of mux trees.
  Analyzing evaluation results.
Removed 0 multiplexer ports.
<suppressed ~4 debug messages>

4.4. Executing OPT_REDUCE pass (consolidate $*mux and $reduce_* inputs).
  Optimizing cells in module \reg_init_ctrl.
Performed a total of 0 changes.

4.5. Executing OPT_MERGE pass (detect identical cells).
Finding identical cells in module `\reg_init_ctrl'.
Removed a total of 0 cells.

4.6. Executing OPT_DFF pass (perform DFF optimizations).
Adding EN signal on $procdff$21 ($adff) from module reg_init_ctrl (D = $procmux$12_Y, Q = \handshake_start).
Adding EN signal on $procdff$22 ($adff) from module reg_init_ctrl (D = 1'1, Q = \handshake_end).
Adding EN signal on $procdff$23 ($adff) from module reg_init_ctrl (D = $procmux$4_Y, Q = \state).
Handling D = Q on $procdff$17 ($adff) from module reg_init_ctrl (removing D path).
Handling D = Q on $procdff$18 ($adff) from module reg_init_ctrl (removing D path).
Handling D = Q on $procdff$19 ($adff) from module reg_init_ctrl (removing D path).
Adding EN signal on $procdff$20 ($adff) from module reg_init_ctrl (D = 1'1, Q = \init_done).
Setting constant 1-bit at position 0 on $procdff$19 ($dlatch) from module reg_init_ctrl.
Setting constant 0-bit at position 1 on $procdff$19 ($dlatch) from module reg_init_ctrl.
Setting constant 1-bit at position 2 on $procdff$19 ($dlatch) from module reg_init_ctrl.
Setting constant 1-bit at position 3 on $procdff$19 ($dlatch) from module reg_init_ctrl.
Setting constant 0-bit at position 4 on $procdff$19 ($dlatch) from module reg_init_ctrl.
Setting constant 0-bit at position 5 on $procdff$19 ($dlatch) from module reg_init_ctrl.
Setting constant 0-bit at position 6 on $procdff$19 ($dlatch) from module reg_init_ctrl.
Setting constant 0-bit at position 7 on $procdff$19 ($dlatch) from module reg_init_ctrl.
Setting constant 0-bit at position 8 on $procdff$19 ($dlatch) from module reg_init_ctrl.
Setting constant 0-bit at position 9 on $procdff$19 ($dlatch) from module reg_init_ctrl.
Setting constant 0-bit at position 10 on $procdff$19 ($dlatch) from module reg_init_ctrl.
Setting constant 0-bit at position 11 on $procdff$19 ($dlatch) from module reg_init_ctrl.
Setting constant 1-bit at position 12 on $procdff$19 ($dlatch) from module reg_init_ctrl.
Setting constant 0-bit at position 13 on $procdff$19 ($dlatch) from module reg_init_ctrl.
Setting constant 1-bit at position 14 on $procdff$19 ($dlatch) from module reg_init_ctrl.
Setting constant 1-bit at position 15 on $procdff$19 ($dlatch) from module reg_init_ctrl.
Setting constant 1-bit at position 16 on $procdff$19 ($dlatch) from module reg_init_ctrl.
Setting constant 0-bit at position 17 on $procdff$19 ($dlatch) from module reg_init_ctrl.
Setting constant 0-bit at position 18 on $procdff$19 ($dlatch) from module reg_init_ctrl.
Setting constant 0-bit at position 19 on $procdff$19 ($dlatch) from module reg_init_ctrl.
Setting constant 0-bit at position 20 on $procdff$19 ($dlatch) from module reg_init_ctrl.
Setting constant 0-bit at position 21 on $procdff$19 ($dlatch) from module reg_init_ctrl.
Setting constant 0-bit at position 22 on $procdff$19 ($dlatch) from module reg_init_ctrl.
Setting constant 0-bit at position 23 on $procdff$19 ($dlatch) from module reg_init_ctrl.
Setting constant 0-bit at position 24 on $procdff$19 ($dlatch) from module reg_init_ctrl.
Setting constant 0-bit at position 25 on $procdff$19 ($dlatch) from module reg_init_ctrl.
Setting constant 0-bit at position 26 on $procdff$19 ($dlatch) from module reg_init_ctrl.
Setting constant 0-bit at position 27 on $procdff$19 ($dlatch) from module reg_init_ctrl.
Setting constant 0-bit at position 28 on $procdff$19 ($dlatch) from module reg_init_ctrl.
Setting constant 0-bit at position 29 on $procdff$19 ($dlatch) from module reg_init_ctrl.
Setting constant 1-bit at position 30 on $procdff$19 ($dlatch) from module reg_init_ctrl.
Setting constant 1-bit at position 31 on $procdff$19 ($dlatch) from module reg_init_ctrl.
Setting constant 0-bit at position 0 on $procdff$18 ($dlatch) from module reg_init_ctrl.
Setting constant 1-bit at position 1 on $procdff$18 ($dlatch) from module reg_init_ctrl.
Setting constant 1-bit at position 2 on $procdff$18 ($dlatch) from module reg_init_ctrl.
Setting constant 1-bit at position 3 on $procdff$18 ($dlatch) from module reg_init_ctrl.
Setting constant 0-bit at position 4 on $procdff$18 ($dlatch) from module reg_init_ctrl.
Setting constant 0-bit at position 5 on $procdff$18 ($dlatch) from module reg_init_ctrl.
Setting constant 1-bit at position 6 on $procdff$18 ($dlatch) from module reg_init_ctrl.
Setting constant 1-bit at position 7 on $procdff$18 ($dlatch) from module reg_init_ctrl.
Setting constant 0-bit at position 8 on $procdff$18 ($dlatch) from module reg_init_ctrl.
Setting constant 1-bit at position 9 on $procdff$18 ($dlatch) from module reg_init_ctrl.
Setting constant 0-bit at position 10 on $procdff$18 ($dlatch) from module reg_init_ctrl.
Setting constant 1-bit at position 11 on $procdff$18 ($dlatch) from module reg_init_ctrl.
Setting constant 1-bit at position 12 on $procdff$18 ($dlatch) from module reg_init_ctrl.
Setting constant 1-bit at position 13 on $procdff$18 ($dlatch) from module reg_init_ctrl.
Setting constant 1-bit at position 14 on $procdff$18 ($dlatch) from module reg_init_ctrl.
Setting constant 1-bit at position 15 on $procdff$18 ($dlatch) from module reg_init_ctrl.
Setting constant 1-bit at position 16 on $procdff$18 ($dlatch) from module reg_init_ctrl.
Setting constant 0-bit at position 17 on $procdff$18 ($dlatch) from module reg_init_ctrl.
Setting constant 1-bit at position 18 on $procdff$18 ($dlatch) from module reg_init_ctrl.
Setting constant 1-bit at position 19 on $procdff$18 ($dlatch) from module reg_init_ctrl.
Setting constant 0-bit at position 20 on $procdff$18 ($dlatch) from module reg_init_ctrl.
Setting constant 1-bit at position 21 on $procdff$18 ($dlatch) from module reg_init_ctrl.
Setting constant 1-bit at position 22 on $procdff$18 ($dlatch) from module reg_init_ctrl.
Setting constant 1-bit at position 23 on $procdff$18 ($dlatch) from module reg_init_ctrl.
Setting constant 0-bit at position 24 on $procdff$18 ($dlatch) from module reg_init_ctrl.
Setting constant 1-bit at position 25 on $procdff$18 ($dlatch) from module reg_init_ctrl.
Setting constant 1-bit at position 26 on $procdff$18 ($dlatch) from module reg_init_ctrl.
Setting constant 1-bit at position 27 on $procdff$18 ($dlatch) from module reg_init_ctrl.
Setting constant 1-bit at position 28 on $procdff$18 ($dlatch) from module reg_init_ctrl.
Setting constant 1-bit at position 29 on $procdff$18 ($dlatch) from module reg_init_ctrl.
Setting constant 1-bit at position 30 on $procdff$18 ($dlatch) from module reg_init_ctrl.
Setting constant 1-bit at position 31 on $procdff$18 ($dlatch) from module reg_init_ctrl.
Setting constant 1-bit at position 0 on $procdff$17 ($dlatch) from module reg_init_ctrl.
Setting constant 1-bit at position 1 on $procdff$17 ($dlatch) from module reg_init_ctrl.
Setting constant 1-bit at position 2 on $procdff$17 ($dlatch) from module reg_init_ctrl.
Setting constant 1-bit at position 3 on $procdff$17 ($dlatch) from module reg_init_ctrl.
Setting constant 0-bit at position 4 on $procdff$17 ($dlatch) from module reg_init_ctrl.
Setting constant 1-bit at position 5 on $procdff$17 ($dlatch) from module reg_init_ctrl.
Setting constant 1-bit at position 6 on $procdff$17 ($dlatch) from module reg_init_ctrl.
Setting constant 1-bit at position 7 on $procdff$17 ($dlatch) from module reg_init_ctrl.
Setting constant 0-bit at position 8 on $procdff$17 ($dlatch) from module reg_init_ctrl.
Setting constant 1-bit at position 9 on $procdff$17 ($dlatch) from module reg_init_ctrl.
Setting constant 1-bit at position 10 on $procdff$17 ($dlatch) from module reg_init_ctrl.
Setting constant 1-bit at position 11 on $procdff$17 ($dlatch) from module reg_init_ctrl.
Setting constant 1-bit at position 12 on $procdff$17 ($dlatch) from module reg_init_ctrl.
Setting constant 1-bit at position 13 on $procdff$17 ($dlatch) from module reg_init_ctrl.
Setting constant 0-bit at position 14 on $procdff$17 ($dlatch) from module reg_init_ctrl.
Setting constant 1-bit at position 15 on $procdff$17 ($dlatch) from module reg_init_ctrl.
Setting constant 1-bit at position 16 on $procdff$17 ($dlatch) from module reg_init_ctrl.
Setting constant 0-bit at position 17 on $procdff$17 ($dlatch) from module reg_init_ctrl.
Setting constant 1-bit at position 18 on $procdff$17 ($dlatch) from module reg_init_ctrl.
Setting constant 1-bit at position 19 on $procdff$17 ($dlatch) from module reg_init_ctrl.
Setting constant 0-bit at position 20 on $procdff$17 ($dlatch) from module reg_init_ctrl.
Setting constant 1-bit at position 21 on $procdff$17 ($dlatch) from module reg_init_ctrl.
Setting constant 0-bit at position 22 on $procdff$17 ($dlatch) from module reg_init_ctrl.
Setting constant 1-bit at position 23 on $procdff$17 ($dlatch) from module reg_init_ctrl.
Setting constant 0-bit at position 24 on $procdff$17 ($dlatch) from module reg_init_ctrl.
Setting constant 1-bit at position 25 on $procdff$17 ($dlatch) from module reg_init_ctrl.
Setting constant 1-bit at position 26 on $procdff$17 ($dlatch) from module reg_init_ctrl.
Setting constant 1-bit at position 27 on $procdff$17 ($dlatch) from module reg_init_ctrl.
Setting constant 1-bit at position 28 on $procdff$17 ($dlatch) from module reg_init_ctrl.
Setting constant 0-bit at position 29 on $procdff$17 ($dlatch) from module reg_init_ctrl.
Setting constant 1-bit at position 30 on $procdff$17 ($dlatch) from module reg_init_ctrl.
Setting constant 1-bit at position 31 on $procdff$17 ($dlatch) from module reg_init_ctrl.

4.7. Executing OPT_CLEAN pass (remove unused cells and wires).
Finding unused cells or wires in module \reg_init_ctrl..
Removed 3 unused cells and 13 unused wires.
<suppressed ~4 debug messages>

4.8. Executing OPT_EXPR pass (perform const folding).
Optimizing module reg_init_ctrl.
<suppressed ~2 debug messages>

4.9. Rerunning OPT passes. (Maybe there is more to do..)

4.10. Executing OPT_MUXTREE pass (detect dead branches in mux trees).
Running muxtree optimizer on module \reg_init_ctrl..
  Creating internal representation of mux trees.
  Evaluating internal representation of mux trees.
  Analyzing evaluation results.
Removed 0 multiplexer ports.
<suppressed ~2 debug messages>

4.11. Executing OPT_REDUCE pass (consolidate $*mux and $reduce_* inputs).
  Optimizing cells in module \reg_init_ctrl.
Performed a total of 0 changes.

4.12. Executing OPT_MERGE pass (detect identical cells).
Finding identical cells in module `\reg_init_ctrl'.
<suppressed ~3 debug messages>
Removed a total of 1 cells.

4.13. Executing OPT_DFF pass (perform DFF optimizations).

4.14. Executing OPT_CLEAN pass (remove unused cells and wires).
Finding unused cells or wires in module \reg_init_ctrl..

4.15. Executing OPT_EXPR pass (perform const folding).
Optimizing module reg_init_ctrl.

4.16. Rerunning OPT passes. (Maybe there is more to do..)

4.17. Executing OPT_MUXTREE pass (detect dead branches in mux trees).
Running muxtree optimizer on module \reg_init_ctrl..
  Creating internal representation of mux trees.
  Evaluating internal representation of mux trees.
  Analyzing evaluation results.
Removed 0 multiplexer ports.
<suppressed ~2 debug messages>

4.18. Executing OPT_REDUCE pass (consolidate $*mux and $reduce_* inputs).
  Optimizing cells in module \reg_init_ctrl.
Performed a total of 0 changes.

4.19. Executing OPT_MERGE pass (detect identical cells).
Finding identical cells in module `\reg_init_ctrl'.
Removed a total of 0 cells.

4.20. Executing OPT_DFF pass (perform DFF optimizations).

4.21. Executing OPT_CLEAN pass (remove unused cells and wires).
Finding unused cells or wires in module \reg_init_ctrl..

4.22. Executing OPT_EXPR pass (perform const folding).
Optimizing module reg_init_ctrl.

4.23. Finished OPT passes. (There is nothing left to do.)

5. Executing FSM pass (extract and optimize FSM).

5.1. Executing FSM_DETECT pass (finding FSMs in design).

5.2. Executing FSM_EXTRACT pass (extracting FSM from design).

5.3. Executing FSM_OPT pass (simple optimizations of FSMs).

5.4. Executing OPT_CLEAN pass (remove unused cells and wires).
Finding unused cells or wires in module \reg_init_ctrl..

5.5. Executing FSM_OPT pass (simple optimizations of FSMs).

5.6. Executing FSM_RECODE pass (re-assigning FSM state encoding).

5.7. Executing FSM_INFO pass (dumping all available information on FSM cells).

5.8. Executing FSM_MAP pass (mapping FSMs to basic logic).

6. Executing OPT pass (performing simple optimizations).

6.1. Executing OPT_EXPR pass (perform const folding).
Optimizing module reg_init_ctrl.

6.2. Executing OPT_MERGE pass (detect identical cells).
Finding identical cells in module `\reg_init_ctrl'.
Removed a total of 0 cells.

6.3. Executing OPT_MUXTREE pass (detect dead branches in mux trees).
Running muxtree optimizer on module \reg_init_ctrl..
  Creating internal representation of mux trees.
  Evaluating internal representation of mux trees.
  Analyzing evaluation results.
Removed 0 multiplexer ports.
<suppressed ~2 debug messages>

6.4. Executing OPT_REDUCE pass (consolidate $*mux and $reduce_* inputs).
  Optimizing cells in module \reg_init_ctrl.
Performed a total of 0 changes.

6.5. Executing OPT_MERGE pass (detect identical cells).
Finding identical cells in module `\reg_init_ctrl'.
Removed a total of 0 cells.

6.6. Executing OPT_DFF pass (perform DFF optimizations).

6.7. Executing OPT_CLEAN pass (remove unused cells and wires).
Finding unused cells or wires in module \reg_init_ctrl..

6.8. Executing OPT_EXPR pass (perform const folding).
Optimizing module reg_init_ctrl.

6.9. Finished OPT passes. (There is nothing left to do.)

7. Executing MEMORY pass.

7.1. Executing OPT_MEM pass (optimize memories).
Performed a total of 0 transformations.

7.2. Executing OPT_MEM_PRIORITY pass (removing unnecessary memory write priority relations).
Performed a total of 0 transformations.

7.3. Executing OPT_MEM_FEEDBACK pass (finding memory read-to-write feedback paths).

7.4. Executing MEMORY_BMUX2ROM pass (converting muxes to ROMs).

7.5. Executing MEMORY_DFF pass (merging $dff cells to $memrd).

7.6. Executing OPT_CLEAN pass (remove unused cells and wires).
Finding unused cells or wires in module \reg_init_ctrl..

7.7. Executing MEMORY_SHARE pass (consolidating $memrd/$memwr cells).

7.8. Executing OPT_MEM_WIDEN pass (optimize memories where all ports are wide).
Performed a total of 0 transformations.

7.9. Executing OPT_CLEAN pass (remove unused cells and wires).
Finding unused cells or wires in module \reg_init_ctrl..

7.10. Executing MEMORY_COLLECT pass (generating $mem cells).

7.11. Executing MEMORY_MAP pass (converting memories to logic and flip-flops).

8. Executing OPT pass (performing simple optimizations).

8.1. Executing OPT_EXPR pass (perform const folding).
Optimizing module reg_init_ctrl.

8.2. Executing OPT_MERGE pass (detect identical cells).
Finding identical cells in module `\reg_init_ctrl'.
Removed a total of 0 cells.

8.3. Executing OPT_MUXTREE pass (detect dead branches in mux trees).
Running muxtree optimizer on module \reg_init_ctrl..
  Creating internal representation of mux trees.
  Evaluating internal representation of mux trees.
  Analyzing evaluation results.
Removed 0 multiplexer ports.
<suppressed ~2 debug messages>

8.4. Executing OPT_REDUCE pass (consolidate $*mux and $reduce_* inputs).
  Optimizing cells in module \reg_init_ctrl.
Performed a total of 0 changes.

8.5. Executing OPT_MERGE pass (detect identical cells).
Finding identical cells in module `\reg_init_ctrl'.
Removed a total of 0 cells.

8.6. Executing OPT_DFF pass (perform DFF optimizations).

8.7. Executing OPT_CLEAN pass (remove unused cells and wires).
Finding unused cells or wires in module \reg_init_ctrl..

8.8. Executing OPT_EXPR pass (perform const folding).
Optimizing module reg_init_ctrl.

8.9. Finished OPT passes. (There is nothing left to do.)

9. Executing TECHMAP pass (map to technology primitives).

9.1. Executing Verilog-2005 frontend: /usr/bin/../share/yosys/techmap.v
Parsing Verilog input from `/usr/bin/../share/yosys/techmap.v' to AST representation.
Generating RTLIL representation for module `\_90_simplemap_bool_ops'.
Generating RTLIL representation for module `\_90_simplemap_reduce_ops'.
Generating RTLIL representation for module `\_90_simplemap_logic_ops'.
Generating RTLIL representation for module `\_90_simplemap_compare_ops'.
Generating RTLIL representation for module `\_90_simplemap_various'.
Generating RTLIL representation for module `\_90_simplemap_registers'.
Generating RTLIL representation for module `\_90_shift_ops_shr_shl_sshl_sshr'.
Generating RTLIL representation for module `\_90_shift_shiftx'.
Generating RTLIL representation for module `\_90_fa'.
Generating RTLIL representation for module `\_90_lcu'.
Generating RTLIL representation for module `\_90_alu'.
Generating RTLIL representation for module `\_90_macc'.
Generating RTLIL representation for module `\_90_alumacc'.
Generating RTLIL representation for module `\$__div_mod_u'.
Generating RTLIL representation for module `\$__div_mod_trunc'.
Generating RTLIL representation for module `\_90_div'.
Generating RTLIL representation for module `\_90_mod'.
Generating RTLIL representation for module `\$__div_mod_floor'.
Generating RTLIL representation for module `\_90_divfloor'.
Generating RTLIL representation for module `\_90_modfloor'.
Generating RTLIL representation for module `\_90_pow'.
Generating RTLIL representation for module `\_90_pmux'.
Generating RTLIL representation for module `\_90_demux'.
Generating RTLIL representation for module `\_90_lut'.
Successfully finished Verilog frontend.

9.2. Continuing TECHMAP pass.
Using extmapper simplemap for cells of type $eq.
Using template $paramod$97565c3687be688407d1272a293bd9d0ae6852dc\_90_pmux for cells of type $pmux.
Using extmapper simplemap for cells of type $adffe.
Using extmapper simplemap for cells of type $reduce_bool.
Using template $paramod$c5c783b17ab1d780abfad8cfe6563a0a7b47a3b0\_90_pmux for cells of type $pmux.
Using extmapper simplemap for cells of type $logic_not.
Using extmapper simplemap for cells of type $reduce_or.
Using extmapper simplemap for cells of type $and.
Using extmapper simplemap for cells of type $mux.
No more expansions possible.
<suppressed ~122 debug messages>

10. Executing OPT pass (performing simple optimizations).

10.1. Executing OPT_EXPR pass (perform const folding).
Optimizing module reg_init_ctrl.
<suppressed ~18 debug messages>

10.2. Executing OPT_MERGE pass (detect identical cells).
Finding identical cells in module `\reg_init_ctrl'.
<suppressed ~18 debug messages>
Removed a total of 6 cells.

10.3. Executing OPT_MUXTREE pass (detect dead branches in mux trees).
Running muxtree optimizer on module \reg_init_ctrl..
  Creating internal representation of mux trees.
  No muxes found in this module.
Removed 0 multiplexer ports.

10.4. Executing OPT_REDUCE pass (consolidate $*mux and $reduce_* inputs).
  Optimizing cells in module \reg_init_ctrl.
Performed a total of 0 changes.

10.5. Executing OPT_MERGE pass (detect identical cells).
Finding identical cells in module `\reg_init_ctrl'.
Removed a total of 0 cells.

10.6. Executing OPT_DFF pass (perform DFF optimizations).

10.7. Executing OPT_CLEAN pass (remove unused cells and wires).
Finding unused cells or wires in module \reg_init_ctrl..
Removed 1 unused cells and 46 unused wires.
<suppressed ~2 debug messages>

10.8. Executing OPT_EXPR pass (perform const folding).
Optimizing module reg_init_ctrl.

10.9. Rerunning OPT passes. (Maybe there is more to do..)

10.10. Executing OPT_MUXTREE pass (detect dead branches in mux trees).
Running muxtree optimizer on module \reg_init_ctrl..
  Creating internal representation of mux trees.
  No muxes found in this module.
Removed 0 multiplexer ports.

10.11. Executing OPT_REDUCE pass (consolidate $*mux and $reduce_* inputs).
  Optimizing cells in module \reg_init_ctrl.
Performed a total of 0 changes.

10.12. Executing OPT_MERGE pass (detect identical cells).
Finding identical cells in module `\reg_init_ctrl'.
Removed a total of 0 cells.

10.13. Executing OPT_DFF pass (perform DFF optimizations).

10.14. Executing OPT_CLEAN pass (remove unused cells and wires).
Finding unused cells or wires in module \reg_init_ctrl..

10.15. Executing OPT_EXPR pass (perform const folding).
Optimizing module reg_init_ctrl.

10.16. Finished OPT passes. (There is nothing left to do.)

11. Executing ABC pass (technology mapping using ABC).

11.1. Extracting gate netlist of module `\reg_init_ctrl' to `<abc-temp-dir>/input.blif'..
Extracted 16 gates and 19 wires to a netlist network with 2 inputs and 6 outputs.

11.1.1. Executing ABC.
Running ABC command: "<yosys-exe-dir>/yosys-abc" -s -f <abc-temp-dir>/abc.script 2>&1
ABC: ABC command line: "source <abc-temp-dir>/abc.script".
ABC: 
ABC: + read_blif <abc-temp-dir>/input.blif 
ABC: + read_library <abc-temp-dir>/stdcells.genlib 
ABC: Entered genlib library with 7 gates from file "<abc-temp-dir>/stdcells.genlib".
ABC: + strash 
ABC: + &get -n 
ABC: + &fraig -x 
ABC: + &put 
ABC: + scorr 
ABC: Warning: The network is combinational (run "fraig" or "fraig_sweep").
ABC: + dc2 
ABC: + dretime 
ABC: + strash 
ABC: + &get -n 
ABC: + &dch -f 
ABC: + &nf 
ABC: + &put 
ABC: + write_blif <abc-temp-dir>/output.blif 

11.1.2. Re-integrating ABC results.
ABC RESULTS:               NOT cells:        3
ABC RESULTS:               XOR cells:        1
ABC RESULTS:                OR cells:        3
ABC RESULTS:        internal signals:       11
ABC RESULTS:           input signals:        2
ABC RESULTS:          output signals:        6
Removing temp directory.

12. Executing OPT pass (performing simple optimizations).

12.1. Executing OPT_EXPR pass (perform const folding).
Optimizing module reg_init_ctrl.
<suppressed ~1 debug messages>

12.2. Executing OPT_MERGE pass (detect identical cells).
Finding identical cells in module `\reg_init_ctrl'.
<suppressed ~3 debug messages>
Removed a total of 1 cells.

12.3. Executing OPT_MUXTREE pass (detect dead branches in mux trees).
Running muxtree optimizer on module \reg_init_ctrl..
  Creating internal representation of mux trees.
  No muxes found in this module.
Removed 0 multiplexer ports.

12.4. Executing OPT_REDUCE pass (consolidate $*mux and $reduce_* inputs).
  Optimizing cells in module \reg_init_ctrl.
Performed a total of 0 changes.

12.5. Executing OPT_MERGE pass (detect identical cells).
Finding identical cells in module `\reg_init_ctrl'.
Removed a total of 0 cells.

12.6. Executing OPT_DFF pass (perform DFF optimizations).

12.7. Executing OPT_CLEAN pass (remove unused cells and wires).
Finding unused cells or wires in module \reg_init_ctrl..
Removed 0 unused cells and 18 unused wires.
<suppressed ~1 debug messages>

12.8. Executing OPT_EXPR pass (perform const folding).
Optimizing module reg_init_ctrl.

12.9. Rerunning OPT passes. (Maybe there is more to do..)

12.10. Executing OPT_MUXTREE pass (detect dead branches in mux trees).
Running muxtree optimizer on module \reg_init_ctrl..
  Creating internal representation of mux trees.
  No muxes found in this module.
Removed 0 multiplexer ports.

12.11. Executing OPT_REDUCE pass (consolidate $*mux and $reduce_* inputs).
  Optimizing cells in module \reg_init_ctrl.
Performed a total of 0 changes.

12.12. Executing OPT_MERGE pass (detect identical cells).
Finding identical cells in module `\reg_init_ctrl'.
Removed a total of 0 cells.

12.13. Executing OPT_DFF pass (perform DFF optimizations).

12.14. Executing OPT_CLEAN pass (remove unused cells and wires).
Finding unused cells or wires in module \reg_init_ctrl..

12.15. Executing OPT_EXPR pass (perform const folding).
Optimizing module reg_init_ctrl.

12.16. Finished OPT passes. (There is nothing left to do.)

13. Executing Verilog backend.

13.1. Executing BMUXMAP pass.

13.2. Executing DEMUXMAP pass.
Dumping module `\reg_init_ctrl'.

14. Executing JSON backend.

15. Printing statistics.

=== reg_init_ctrl ===

   Number of wires:                 14
   Number of wire bits:            109
   Number of public wires:           9
   Number of public wire bits:     103
   Number of memories:               0
   Number of memory bits:            0
   Number of processes:              0
   Number of cells:                 10
     $_DFFE_PN0N_                    2
     $_DFFE_PN0P_                    2
     $_NOT_                          3
     $_OR_                           2
     $_XOR_                          1

End of script. Logfile hash: cfba901ae5, CPU: user 0.06s system 0.00s, MEM: 12.62 MB peak
Yosys 0.33 (git sha1 2584903a060)
Time spent: 51% 1x abc (0 sec), 12% 15x opt_expr (0 sec), ...
